#
# There is insufficient memory for the Java Runtime Environment to continue.
# Native memory allocation (malloc) failed to allocate 1048576 bytes for AllocateHeap
# Possible reasons:
#   The system is out of physical RAM or swap space
#   The process is running with CompressedOops enabled, and the Java Heap may be blocking the growth of the native heap
# Possible solutions:
#   Reduce memory load on the system
#   Increase physical memory or swap space
#   Check if swap backing store is full
#   Decrease Java heap size (-Xmx/-Xms)
#   Decrease number of Java threads
#   Decrease Java thread stack sizes (-Xss)
#   Set larger code cache with -XX:ReservedCodeCacheSize=
#   JVM is running with Unscaled Compressed Oops mode in which the Java heap is
#     placed in the first 4GB address space. The Java Heap base address is the
#     maximum limit for the native heap growth. Please use -XX:HeapBaseMinAddress
#     to set the Java Heap base and to place the Java Heap above 4GB virtual address.
# This output file may be truncated or incomplete.
#
#  Out of Memory Error (allocation.cpp:44), pid=8812, tid=8728
#
# JRE version:  (17.0.3.1+2) (build )
# Java VM: Java HotSpot(TM) 64-Bit Server VM (17.0.3.1+2-LTS-6, mixed mode, sharing, tiered, compressed oops, compressed class ptrs, g1 gc, windows-amd64)
# No core dump will be written. Minidumps are not enabled by default on client versions of Windows
#

---------------  S U M M A R Y ------------

Command Line: -Dfile.encoding=UTF-8 --module-path=E:\damau\asm\ASM_DaMau\build\classes poly.com.view.Main

Host: 11th Gen Intel(R) Core(TM) i3-1115G4 @ 3.00GHz, 4 cores, 3G,  Windows 11 , 64 bit Build 22000 (10.0.22000.708)
Time: Fri Sep 23 00:15:49 2022 SE Asia Standard Time elapsed time: 0.011992 seconds (0d 0h 0m 0s)

---------------  T H R E A D  ---------------

Current thread (0x0000018dfc62d540):  JavaThread "Unknown thread" [_thread_in_vm, id=8728, stack(0x0000007a66a00000,0x0000007a66b00000)]

Stack: [0x0000007a66a00000,0x0000007a66b00000]
Native frames: (J=compiled Java code, j=interpreted, Vv=VM code, C=native code)
V  [jvm.dll+0x6711ba]
V  [jvm.dll+0x7d0834]
V  [jvm.dll+0x7d1fde]
V  [jvm.dll+0x7d2643]
V  [jvm.dll+0x242c85]
V  [jvm.dll+0xa4b93]
V  [jvm.dll+0x2e1077]
V  [jvm.dll+0x2d8f3b]
V  [jvm.dll+0x7a2411]
V  [jvm.dll+0x365d01]
V  [jvm.dll+0x78187c]
V  [jvm.dll+0x3e873f]
V  [jvm.dll+0x3ea1e1]
C  [jli.dll+0x527b]
C  [ucrtbase.dll+0x26c0c]
C  [KERNEL32.DLL+0x154e0]
C  [ntdll.dll+0x485b]


---------------  P R O C E S S  ---------------

Threads class SMR info:
_java_thread_list=0x00007ffe66519858, length=0, elements={
}

Java Threads: ( => current thread )

Other Threads:
  0x0000018dfc667180 GCTaskThread "GC Thread#0" [stack: 0x0000007a66b00000,0x0000007a66c00000] [id=2432]

[error occurred during error reporting (printing all threads), id 0xc0000005, EXCEPTION_ACCESS_VIOLATION (0xc0000005) at pc=0x00007ffe65d65fc0]

VM state: not at safepoint (not fully initialized)

VM Mutex/Monitor currently owned by a thread:  ([mutex/lock_event])
[0x0000018dfc628820] Heap_lock - owner thread: 0x0000018dfc62d540

Heap address: 0x00000000c4c00000, size: 948 MB, Compressed Oops mode: 32-bit

CDS archive(s) mapped at: [0x0000000000000000-0x0000000000000000-0x0000000000000000), size 0, SharedBaseAddress: 0x0000000800000000, ArchiveRelocationMode: 0.
Narrow klass base: 0x0000000000000000, Narrow klass shift: 0, Narrow klass range: 0x0

GC Precious Log:
<Empty>

Heap:
 garbage-first heap   total 0K, used 0K [0x00000000c4c00000, 0x0000000100000000)
  region size 1024K, 0 young (0K), 0 survivors (0K)

[error occurred during error reporting (printing heap information), id 0xc0000005, EXCEPTION_ACCESS_VIOLATION (0xc0000005) at pc=0x00007ffe6614a629]

GC Heap History (0 events):
No events

Deoptimization events (0 events):
No events

Classes unloaded (0 events):
No events

Classes redefined (0 events):
No events

Internal exceptions (0 events):
No events

VM Operations (0 events):
No events

Events (1 events):
Event: 0.006 Loaded shared library C:\Program Files\Java\jdk-17.0.3.1\bin\java.dll


Dynamic libraries:
0x00007ff6ae2d0000 - 0x00007ff6ae2e0000 	C:\Program Files\Java\jdk-17.0.3.1\bin\java.exe
0x00007ffed55c0000 - 0x00007ffed57c9000 	C:\WINDOWS\SYSTEM32\ntdll.dll
0x00007ffed4690000 - 0x00007ffed474d000 	C:\WINDOWS\System32\KERNEL32.DLL
0x00007ffed30d0000 - 0x00007ffed3449000 	C:\WINDOWS\System32\KERNELBASE.dll
0x00007ffed2fb0000 - 0x00007ffed30c1000 	C:\WINDOWS\System32\ucrtbase.dll
0x00007ffeb4410000 - 0x00007ffeb442a000 	C:\Program Files\Java\jdk-17.0.3.1\bin\VCRUNTIME140.dll
0x00007ffecc6a0000 - 0x00007ffecc6b8000 	C:\Program Files\Java\jdk-17.0.3.1\bin\jli.dll
0x00007ffed4f40000 - 0x00007ffed4fee000 	C:\WINDOWS\System32\ADVAPI32.dll
0x00007ffed4a60000 - 0x00007ffed4b03000 	C:\WINDOWS\System32\msvcrt.dll
0x00007ffed4b10000 - 0x00007ffed4bae000 	C:\WINDOWS\System32\sechost.dll
0x00007ffed43b0000 - 0x00007ffed44d0000 	C:\WINDOWS\System32\RPCRT4.dll
0x00007ffed44e0000 - 0x00007ffed468c000 	C:\WINDOWS\System32\USER32.dll
0x00007ffec5830000 - 0x00007ffec5ad5000 	C:\WINDOWS\WinSxS\amd64_microsoft.windows.common-controls_6595b64144ccf1df_6.0.22000.120_none_9d947278b86cc467\COMCTL32.dll
0x00007ffed2d70000 - 0x00007ffed2d96000 	C:\WINDOWS\System32\win32u.dll
0x00007ffed4190000 - 0x00007ffed41b9000 	C:\WINDOWS\System32\GDI32.dll
0x00007ffed2e10000 - 0x00007ffed2f22000 	C:\WINDOWS\System32\gdi32full.dll
0x00007ffed2c10000 - 0x00007ffed2cad000 	C:\WINDOWS\System32\msvcp_win.dll
0x00007ffeca2b0000 - 0x00007ffeca2ba000 	C:\WINDOWS\SYSTEM32\VERSION.dll
0x00007ffed4150000 - 0x00007ffed4181000 	C:\WINDOWS\System32\IMM32.DLL
0x00007ffec8360000 - 0x00007ffec836c000 	C:\Program Files\Java\jdk-17.0.3.1\bin\vcruntime140_1.dll
0x00007ffe87370000 - 0x00007ffe873fd000 	C:\Program Files\Java\jdk-17.0.3.1\bin\msvcp140.dll
0x00007ffe65a80000 - 0x00007ffe66640000 	C:\Program Files\Java\jdk-17.0.3.1\bin\server\jvm.dll
0x00007ffed4a50000 - 0x00007ffed4a58000 	C:\WINDOWS\System32\PSAPI.DLL
0x00007ffeca6f0000 - 0x00007ffeca723000 	C:\WINDOWS\SYSTEM32\WINMM.dll
0x00007ffebaa30000 - 0x00007ffebaa39000 	C:\WINDOWS\SYSTEM32\WSOCK32.dll
0x00007ffed4040000 - 0x00007ffed40af000 	C:\WINDOWS\System32\WS2_32.dll
0x00007ffed1c90000 - 0x00007ffed1ca8000 	C:\WINDOWS\SYSTEM32\kernel.appcore.dll
0x00007ffec82d0000 - 0x00007ffec82da000 	C:\Program Files\Java\jdk-17.0.3.1\bin\jimage.dll
0x00007ffed05d0000 - 0x00007ffed07f1000 	C:\WINDOWS\SYSTEM32\DBGHELP.DLL
0x00007ffec29d0000 - 0x00007ffec2a01000 	C:\WINDOWS\SYSTEM32\dbgcore.DLL
0x00007ffed2f30000 - 0x00007ffed2faf000 	C:\WINDOWS\System32\bcryptPrimitives.dll
0x00007ffeb3950000 - 0x00007ffeb3975000 	C:\Program Files\Java\jdk-17.0.3.1\bin\java.dll

dbghelp: loaded successfully - version: 4.0.5 - missing functions: none
symbol engine: initialized successfully - sym options: 0x614 - pdb path: .;C:\Program Files\Java\jdk-17.0.3.1\bin;C:\WINDOWS\SYSTEM32;C:\WINDOWS\WinSxS\amd64_microsoft.windows.common-controls_6595b64144ccf1df_6.0.22000.120_none_9d947278b86cc467;C:\Program Files\Java\jdk-17.0.3.1\bin\server

VM Arguments:
jvm_args: -Dfile.encoding=UTF-8 --module-path=E:\damau\asm\ASM_DaMau\build\classes 
java_command: poly.com.view.Main
java_class_path (initial): E:\damau\asm\ASM_DaMau\build\classes
Launcher Type: SUN_STANDARD

[Global flags]
     intx CICompilerCount                          = 3                                         {product} {ergonomic}
     uint ConcGCThreads                            = 1                                         {product} {ergonomic}
     uint G1ConcRefinementThreads                  = 4                                         {product} {ergonomic}
   size_t G1HeapRegionSize                         = 1048576                                   {product} {ergonomic}
    uintx GCDrainStackTargetSize                   = 64                                        {product} {ergonomic}
   size_t InitialHeapSize                          = 62914560                                  {product} {ergonomic}
   size_t MarkStackSize                            = 4194304                                   {product} {ergonomic}
   size_t MaxHeapSize                              = 994050048                                 {product} {ergonomic}
   size_t MinHeapDeltaBytes                        = 1048576                                   {product} {ergonomic}
   size_t MinHeapSize                              = 8388608                                   {product} {ergonomic}
    uintx NonNMethodCodeHeapSize                   = 5832780                                {pd product} {ergonomic}
    uintx NonProfiledCodeHeapSize                  = 122912730                              {pd product} {ergonomic}
    uintx ProfiledCodeHeapSize                     = 122912730                              {pd product} {ergonomic}
    uintx ReservedCodeCacheSize                    = 251658240                              {pd product} {ergonomic}
     bool SegmentedCodeCache                       = true                                      {product} {ergonomic}
   size_t SoftMaxHeapSize                          = 994050048                              {manageable} {ergonomic}
     bool UseCompressedClassPointers               = true                           {product lp64_product} {ergonomic}
     bool UseCompressedOops                        = true                           {product lp64_product} {ergonomic}
     bool UseG1GC                                  = true                                      {product} {ergonomic}
     bool UseLargePagesIndividualAllocation        = false                                  {pd product} {ergonomic}

Logging:
Log output configuration:
 #0: stdout all=warning uptime,level,tags
 #1: stderr all=off uptime,level,tags

Environment Variables:
PATH=C:\Program Files\Common Files\Oracle\Java\javapath;C:\Program Files (x86)\Common Files\Oracle\Java\javapath;C:\ProgramData\Oracle\Java\javapath;C:\WINDOWS\system32;C:\WINDOWS;C:\WINDOWS\System32\Wbem;C:\WINDOWS\System32\WindowsPowerShell\v1.0\;C:\WINDOWS\System32\OpenSSH\;%JAVA_HOME\bin;C:\Program Files\Microsoft SQL Server\Client SDK\ODBC\170\Tools\Binn\;C:\Program Files (x86)\Microsoft SQL Server\150\Tools\Binn\;C:\Program Files\Microsoft SQL Server\150\Tools\Binn\;C:\Program Files\Microsoft SQL Server\150\DTS\Binn\;C:\Program Files (x86)\Microsoft SQL Server\150\DTS\Binn\;C:\Program Files\Azure Data Studio\bin;C:\Program Files\Java\jdk-17.0.3.1\bin;C:\Program Files\Java\jdk-18.0.1\bin;C:\Program Files\Java\jdk-11.0.16.1+1\bin;C:\Program Files\MySQL\MySQL Shell 8.0\bin\;C:\Users\Duy Cuong\AppData\Local\Programs\Microsoft VS Code\bin;C:\Users\Duy Cuong\AppData\Local\Microsoft\WindowsApps;;C:\Program Files\Azure Data Studio\bin
USERNAME=Duy Cuong
OS=Windows_NT
PROCESSOR_IDENTIFIER=Intel64 Family 6 Model 140 Stepping 1, GenuineIntel



---------------  S Y S T E M  ---------------

OS:
 Windows 11 , 64 bit Build 22000 (10.0.22000.708)
OS uptime: 1 days 2:02 hours

CPU: total 4 (initial active 4) (2 cores per cpu, 2 threads per core) family 6 model 140 stepping 1 microcode 0x86, cx8, cmov, fxsr, ht, mmx, 3dnowpref, sse, sse2, sse3, ssse3, sse4.1, sse4.2, popcnt, lzcnt, tsc, tscinvbit, avx, avx2, aes, erms, clmul, bmi1, bmi2, adx, avx512f, avx512dq, avx512cd, avx512bw, avx512vl, sha, fma, vzeroupper, avx512_vpopcntdq, avx512_vpclmulqdq, avx512_vaes, avx512_vnni, clflush, clflushopt, clwb, avx512_vbmi2, avx512_vbmi

Memory: 4k page, system-wide physical 3790M (128M free)
TotalPageFile size 12552M (AvailPageFile size 2M)
current process WorkingSet (physical memory assigned to process): 10M, peak: 10M
current process commit charge ("private bytes"): 47M, peak: 48M

vm_info: Java HotSpot(TM) 64-Bit Server VM (17.0.3.1+2-LTS-6) for windows-amd64 JRE (17.0.3.1+2-LTS-6), built on Apr 25 2022 22:04:21 by "mach5one" with MS VC++ 16.8 / 16.9 (VS2019)

END.
