#
# There is insufficient memory for the Java Runtime Environment to continue.
# Native memory allocation (malloc) failed to allocate 32744 bytes for ChunkPool::allocate
# Possible reasons:
#   The system is out of physical RAM or swap space
#   The process is running with CompressedOops enabled, and the Java Heap may be blocking the growth of the native heap
# Possible solutions:
#   Reduce memory load on the system
#   Increase physical memory or swap space
#   Check if swap backing store is full
#   Decrease Java heap size (-Xmx/-Xms)
#   Decrease number of Java threads
#   Decrease Java thread stack sizes (-Xss)
#   Set larger code cache with -XX:ReservedCodeCacheSize=
#   JVM is running with Unscaled Compressed Oops mode in which the Java heap is
#     placed in the first 4GB address space. The Java Heap base address is the
#     maximum limit for the native heap growth. Please use -XX:HeapBaseMinAddress
#     to set the Java Heap base and to place the Java Heap above 4GB virtual address.
# This output file may be truncated or incomplete.
#
#  Out of Memory Error (arena.cpp:78), pid=11864, tid=14272
#
# JRE version: Java(TM) SE Runtime Environment (17.0.3.1+2) (build 17.0.3.1+2-LTS-6)
# Java VM: Java HotSpot(TM) 64-Bit Server VM (17.0.3.1+2-LTS-6, mixed mode, sharing, tiered, compressed oops, compressed class ptrs, g1 gc, windows-amd64)
# No core dump will be written. Minidumps are not enabled by default on client versions of Windows
#

---------------  S U M M A R Y ------------

Command Line: -Dfile.encoding=UTF-8 --module-path=E:\damau\asm\ASM_DaMau\build\classes poly.com.ui.ManagerLearner

Host: 11th Gen Intel(R) Core(TM) i3-1115G4 @ 3.00GHz, 4 cores, 3G,  Windows 11 , 64 bit Build 22000 (10.0.22000.708)
Time: Wed Sep 28 23:55:12 2022 SE Asia Standard Time elapsed time: 1.202267 seconds (0d 0h 0m 1s)

---------------  T H R E A D  ---------------

Current thread (0x000001dfff6bcb00):  JavaThread "C2 CompilerThread0" daemon [_thread_in_native, id=14272, stack(0x000000a216200000,0x000000a216300000)]


Current CompileTask:
C2:   1202 1093   !   4       sun.font.TrueTypeFont::getTableBuffer (215 bytes)

Stack: [0x000000a216200000,0x000000a216300000]
Native frames: (J=compiled Java code, j=interpreted, Vv=VM code, C=native code)
V  [jvm.dll+0x6711ba]
V  [jvm.dll+0x7d0834]
V  [jvm.dll+0x7d1fde]
V  [jvm.dll+0x7d2643]
V  [jvm.dll+0x242c85]
V  [jvm.dll+0xaa7c0]
V  [jvm.dll+0xaab0c]
V  [jvm.dll+0x11ba28]
V  [jvm.dll+0x69a631]
V  [jvm.dll+0x1b9d74]
V  [jvm.dll+0x215eb9]
V  [jvm.dll+0x215181]
V  [jvm.dll+0x1a1c3d]
V  [jvm.dll+0x2249c8]
V  [jvm.dll+0x222b2c]
V  [jvm.dll+0x78650b]
V  [jvm.dll+0x780aca]
V  [jvm.dll+0x670045]
C  [ucrtbase.dll+0x26c0c]
C  [KERNEL32.DLL+0x154e0]
C  [ntdll.dll+0x485b]


---------------  P R O C E S S  ---------------

Threads class SMR info:
_java_thread_list=0x000001df8fc7d710, length=17, elements={
0x000001dff178d830, 0x000001dfff69dd60, 0x000001dfff69e910, 0x000001dfff6b55c0,
0x000001dfff6b5f70, 0x000001dfff6b7930, 0x000001dfff6b82e0, 0x000001dfff6bcb00,
0x000001dfff6dd7e0, 0x000001dfff6f1760, 0x000001df8f966480, 0x000001df8fa92740,
0x000001df8fa66680, 0x000001df8fa66b50, 0x000001df8fbc2060, 0x000001df8fbd6dd0,
0x000001df8fca4400
}

Java Threads: ( => current thread )
  0x000001dff178d830 JavaThread "main" [_thread_in_native, id=15204, stack(0x000000a215500000,0x000000a215600000)]
  0x000001dfff69dd60 JavaThread "Reference Handler" daemon [_thread_blocked, id=11964, stack(0x000000a215c00000,0x000000a215d00000)]
  0x000001dfff69e910 JavaThread "Finalizer" daemon [_thread_blocked, id=3756, stack(0x000000a215d00000,0x000000a215e00000)]
  0x000001dfff6b55c0 JavaThread "Signal Dispatcher" daemon [_thread_blocked, id=13684, stack(0x000000a215e00000,0x000000a215f00000)]
  0x000001dfff6b5f70 JavaThread "Attach Listener" daemon [_thread_blocked, id=13788, stack(0x000000a215f00000,0x000000a216000000)]
  0x000001dfff6b7930 JavaThread "Service Thread" daemon [_thread_blocked, id=9868, stack(0x000000a216000000,0x000000a216100000)]
  0x000001dfff6b82e0 JavaThread "Monitor Deflation Thread" daemon [_thread_blocked, id=18300, stack(0x000000a216100000,0x000000a216200000)]
=>0x000001dfff6bcb00 JavaThread "C2 CompilerThread0" daemon [_thread_in_native, id=14272, stack(0x000000a216200000,0x000000a216300000)]
  0x000001dfff6dd7e0 JavaThread "C1 CompilerThread0" daemon [_thread_blocked, id=4256, stack(0x000000a216300000,0x000000a216400000)]
  0x000001dfff6f1760 JavaThread "Sweeper thread" daemon [_thread_blocked, id=15412, stack(0x000000a216400000,0x000000a216500000)]
  0x000001df8f966480 JavaThread "Common-Cleaner" daemon [_thread_blocked, id=3256, stack(0x000000a216500000,0x000000a216600000)]
  0x000001df8fa92740 JavaThread "Notification Thread" daemon [_thread_blocked, id=13576, stack(0x000000a216600000,0x000000a216700000)]
  0x000001df8fa66680 JavaThread "Java2D Disposer" daemon [_thread_blocked, id=15372, stack(0x000000a216800000,0x000000a216900000)]
  0x000001df8fa66b50 JavaThread "AWT-Shutdown" [_thread_blocked, id=6884, stack(0x000000a216900000,0x000000a216a00000)]
  0x000001df8fbc2060 JavaThread "AWT-Windows" daemon [_thread_in_native, id=17364, stack(0x000000a216a00000,0x000000a216b00000)]
  0x000001df8fbd6dd0 JavaThread "AWT-EventQueue-0" [_thread_blocked, id=5408, stack(0x000000a216b00000,0x000000a216c00000)]
  0x000001df8fca4400 JavaThread "Image Fetcher 0" daemon [_thread_blocked, id=292, stack(0x000000a216c00000,0x000000a216d00000)]

Other Threads:
  0x000001dfff6982c0 VMThread "VM Thread" [stack: 0x000000a215b00000,0x000000a215c00000] [id=10548]
  0x000001dff17e0c80 WatcherThread [stack: 0x000000a216700000,0x000000a216800000] [id=13692]
  0x000001dff17c6eb0 GCTaskThread "GC Thread#0" [stack: 0x000000a215600000,0x000000a215700000] [id=2484]
  0x000001df8fb89890 GCTaskThread "GC Thread#1" [stack: 0x000000a217000000,0x000000a217100000] [id=15084]
  0x000001df8fb89b40 GCTaskThread "GC Thread#2" [stack: 0x000000a217100000,0x000000a217200000] [id=12896]
  0x000001df8fb885c0 GCTaskThread "GC Thread#3" [stack: 0x000000a217200000,0x000000a217300000] [id=7108]
  0x000001dff17cf5d0 ConcurrentGCThread "G1 Main Marker" [stack: 0x000000a215700000,0x000000a215800000] [id=16112]
  0x000001dff17d0780 ConcurrentGCThread "G1 Conc#0" [stack: 0x000000a215800000,0x000000a215900000] [id=8588]
  0x000001dff1810a40 ConcurrentGCThread "G1 Refine#0" [stack: 0x000000a215900000,0x000000a215a00000] [id=13688]
  0x000001dff1812310 ConcurrentGCThread "G1 Service" [stack: 0x000000a215a00000,0x000000a215b00000] [id=2548]

Threads with active compile tasks:
C2 CompilerThread0     1232 1093   !   4       sun.font.TrueTypeFont::getTableBuffer (215 bytes)

VM state: not at safepoint (normal execution)

VM Mutex/Monitor currently owned by a thread: None

Heap address: 0x00000000c4c00000, size: 948 MB, Compressed Oops mode: 32-bit

CDS archive(s) mapped at: [0x0000000800000000-0x0000000800bc0000-0x0000000800bc0000), size 12320768, SharedBaseAddress: 0x0000000800000000, ArchiveRelocationMode: 0.
Compressed class space mapped at: 0x0000000800c00000-0x0000000840c00000, reserved size: 1073741824
Narrow klass base: 0x0000000800000000, Narrow klass shift: 0, Narrow klass range: 0x100000000

GC Precious Log:
 CPUs: 4 total, 4 available
 Memory: 3790M
 Large Page Support: Disabled
 NUMA Support: Disabled
 Compressed Oops: Enabled (32-bit)
 Heap Region Size: 1M
 Heap Min Capacity: 8M
 Heap Initial Capacity: 60M
 Heap Max Capacity: 948M
 Pre-touch: Disabled
 Parallel Workers: 4
 Concurrent Workers: 1
 Concurrent Refinement Workers: 4
 Periodic GC: Disabled

Heap:
 garbage-first heap   total 61440K, used 3044K [0x00000000c4c00000, 0x0000000100000000)
  region size 1024K, 3 young (3072K), 2 survivors (2048K)
 Metaspace       used 8637K, committed 8832K, reserved 1056768K
  class space    used 993K, committed 1088K, reserved 1048576K

Heap Regions: E=young(eden), S=young(survivor), O=old, HS=humongous(starts), HC=humongous(continues), CS=collection set, F=free, OA=open archive, CA=closed archive, TAMS=top-at-mark-start (previous, next)
|   0|0x00000000c4c00000, 0x00000000c4cf9000, 0x00000000c4d00000| 97%| O|  |TAMS 0x00000000c4c00000, 0x00000000c4c00000| Untracked 
|   1|0x00000000c4d00000, 0x00000000c4d00000, 0x00000000c4e00000|  0%| F|  |TAMS 0x00000000c4d00000, 0x00000000c4d00000| Untracked 
|   2|0x00000000c4e00000, 0x00000000c4e00000, 0x00000000c4f00000|  0%| F|  |TAMS 0x00000000c4e00000, 0x00000000c4e00000| Untracked 
|   3|0x00000000c4f00000, 0x00000000c4f00000, 0x00000000c5000000|  0%| F|  |TAMS 0x00000000c4f00000, 0x00000000c4f00000| Untracked 
|   4|0x00000000c5000000, 0x00000000c5000000, 0x00000000c5100000|  0%| F|  |TAMS 0x00000000c5000000, 0x00000000c5000000| Untracked 
|   5|0x00000000c5100000, 0x00000000c5100000, 0x00000000c5200000|  0%| F|  |TAMS 0x00000000c5100000, 0x00000000c5100000| Untracked 
|   6|0x00000000c5200000, 0x00000000c5200000, 0x00000000c5300000|  0%| F|  |TAMS 0x00000000c5200000, 0x00000000c5200000| Untracked 
|   7|0x00000000c5300000, 0x00000000c5300000, 0x00000000c5400000|  0%| F|  |TAMS 0x00000000c5300000, 0x00000000c5300000| Untracked 
|   8|0x00000000c5400000, 0x00000000c5400000, 0x00000000c5500000|  0%| F|  |TAMS 0x00000000c5400000, 0x00000000c5400000| Untracked 
|   9|0x00000000c5500000, 0x00000000c5500000, 0x00000000c5600000|  0%| F|  |TAMS 0x00000000c5500000, 0x00000000c5500000| Untracked 
|  10|0x00000000c5600000, 0x00000000c5600000, 0x00000000c5700000|  0%| F|  |TAMS 0x00000000c5600000, 0x00000000c5600000| Untracked 
|  11|0x00000000c5700000, 0x00000000c5700000, 0x00000000c5800000|  0%| F|  |TAMS 0x00000000c5700000, 0x00000000c5700000| Untracked 
|  12|0x00000000c5800000, 0x00000000c5800000, 0x00000000c5900000|  0%| F|  |TAMS 0x00000000c5800000, 0x00000000c5800000| Untracked 
|  13|0x00000000c5900000, 0x00000000c5900000, 0x00000000c5a00000|  0%| F|  |TAMS 0x00000000c5900000, 0x00000000c5900000| Untracked 
|  14|0x00000000c5a00000, 0x00000000c5a00000, 0x00000000c5b00000|  0%| F|  |TAMS 0x00000000c5a00000, 0x00000000c5a00000| Untracked 
|  15|0x00000000c5b00000, 0x00000000c5b00000, 0x00000000c5c00000|  0%| F|  |TAMS 0x00000000c5b00000, 0x00000000c5b00000| Untracked 
|  16|0x00000000c5c00000, 0x00000000c5c00000, 0x00000000c5d00000|  0%| F|  |TAMS 0x00000000c5c00000, 0x00000000c5c00000| Untracked 
|  17|0x00000000c5d00000, 0x00000000c5d00000, 0x00000000c5e00000|  0%| F|  |TAMS 0x00000000c5d00000, 0x00000000c5d00000| Untracked 
|  18|0x00000000c5e00000, 0x00000000c5e00000, 0x00000000c5f00000|  0%| F|  |TAMS 0x00000000c5e00000, 0x00000000c5e00000| Untracked 
|  19|0x00000000c5f00000, 0x00000000c5f00000, 0x00000000c6000000|  0%| F|  |TAMS 0x00000000c5f00000, 0x00000000c5f00000| Untracked 
|  20|0x00000000c6000000, 0x00000000c6000000, 0x00000000c6100000|  0%| F|  |TAMS 0x00000000c6000000, 0x00000000c6000000| Untracked 
|  21|0x00000000c6100000, 0x00000000c6100000, 0x00000000c6200000|  0%| F|  |TAMS 0x00000000c6100000, 0x00000000c6100000| Untracked 
|  22|0x00000000c6200000, 0x00000000c6200000, 0x00000000c6300000|  0%| F|  |TAMS 0x00000000c6200000, 0x00000000c6200000| Untracked 
|  23|0x00000000c6300000, 0x00000000c6300000, 0x00000000c6400000|  0%| F|  |TAMS 0x00000000c6300000, 0x00000000c6300000| Untracked 
|  24|0x00000000c6400000, 0x00000000c6400000, 0x00000000c6500000|  0%| F|  |TAMS 0x00000000c6400000, 0x00000000c6400000| Untracked 
|  25|0x00000000c6500000, 0x00000000c6500000, 0x00000000c6600000|  0%| F|  |TAMS 0x00000000c6500000, 0x00000000c6500000| Untracked 
|  26|0x00000000c6600000, 0x00000000c6600000, 0x00000000c6700000|  0%| F|  |TAMS 0x00000000c6600000, 0x00000000c6600000| Untracked 
|  27|0x00000000c6700000, 0x00000000c6700000, 0x00000000c6800000|  0%| F|  |TAMS 0x00000000c6700000, 0x00000000c6700000| Untracked 
|  28|0x00000000c6800000, 0x00000000c6800000, 0x00000000c6900000|  0%| F|  |TAMS 0x00000000c6800000, 0x00000000c6800000| Untracked 
|  29|0x00000000c6900000, 0x00000000c6900000, 0x00000000c6a00000|  0%| F|  |TAMS 0x00000000c6900000, 0x00000000c6900000| Untracked 
|  30|0x00000000c6a00000, 0x00000000c6a00000, 0x00000000c6b00000|  0%| F|  |TAMS 0x00000000c6a00000, 0x00000000c6a00000| Untracked 
|  31|0x00000000c6b00000, 0x00000000c6b00000, 0x00000000c6c00000|  0%| F|  |TAMS 0x00000000c6b00000, 0x00000000c6b00000| Untracked 
|  32|0x00000000c6c00000, 0x00000000c6c00000, 0x00000000c6d00000|  0%| F|  |TAMS 0x00000000c6c00000, 0x00000000c6c00000| Untracked 
|  33|0x00000000c6d00000, 0x00000000c6d00000, 0x00000000c6e00000|  0%| F|  |TAMS 0x00000000c6d00000, 0x00000000c6d00000| Untracked 
|  34|0x00000000c6e00000, 0x00000000c6e00000, 0x00000000c6f00000|  0%| F|  |TAMS 0x00000000c6e00000, 0x00000000c6e00000| Untracked 
|  35|0x00000000c6f00000, 0x00000000c6f00000, 0x00000000c7000000|  0%| F|  |TAMS 0x00000000c6f00000, 0x00000000c6f00000| Untracked 
|  36|0x00000000c7000000, 0x00000000c7000000, 0x00000000c7100000|  0%| F|  |TAMS 0x00000000c7000000, 0x00000000c7000000| Untracked 
|  37|0x00000000c7100000, 0x00000000c7100000, 0x00000000c7200000|  0%| F|  |TAMS 0x00000000c7100000, 0x00000000c7100000| Untracked 
|  38|0x00000000c7200000, 0x00000000c7200000, 0x00000000c7300000|  0%| F|  |TAMS 0x00000000c7200000, 0x00000000c7200000| Untracked 
|  39|0x00000000c7300000, 0x00000000c7300000, 0x00000000c7400000|  0%| F|  |TAMS 0x00000000c7300000, 0x00000000c7300000| Untracked 
|  40|0x00000000c7400000, 0x00000000c7400000, 0x00000000c7500000|  0%| F|  |TAMS 0x00000000c7400000, 0x00000000c7400000| Untracked 
|  41|0x00000000c7500000, 0x00000000c7500000, 0x00000000c7600000|  0%| F|  |TAMS 0x00000000c7500000, 0x00000000c7500000| Untracked 
|  42|0x00000000c7600000, 0x00000000c7600000, 0x00000000c7700000|  0%| F|  |TAMS 0x00000000c7600000, 0x00000000c7600000| Untracked 
|  43|0x00000000c7700000, 0x00000000c7700000, 0x00000000c7800000|  0%| F|  |TAMS 0x00000000c7700000, 0x00000000c7700000| Untracked 
|  44|0x00000000c7800000, 0x00000000c7800000, 0x00000000c7900000|  0%| F|  |TAMS 0x00000000c7800000, 0x00000000c7800000| Untracked 
|  45|0x00000000c7900000, 0x00000000c7a00000, 0x00000000c7a00000|100%| S|CS|TAMS 0x00000000c7900000, 0x00000000c7900000| Complete 
|  46|0x00000000c7a00000, 0x00000000c7b00000, 0x00000000c7b00000|100%| S|CS|TAMS 0x00000000c7a00000, 0x00000000c7a00000| Complete 
|  47|0x00000000c7b00000, 0x00000000c7b00000, 0x00000000c7c00000|  0%| F|  |TAMS 0x00000000c7b00000, 0x00000000c7b00000| Untracked 
|  48|0x00000000c7c00000, 0x00000000c7c00000, 0x00000000c7d00000|  0%| F|  |TAMS 0x00000000c7c00000, 0x00000000c7c00000| Untracked 
|  49|0x00000000c7d00000, 0x00000000c7d00000, 0x00000000c7e00000|  0%| F|  |TAMS 0x00000000c7d00000, 0x00000000c7d00000| Untracked 
|  50|0x00000000c7e00000, 0x00000000c7e00000, 0x00000000c7f00000|  0%| F|  |TAMS 0x00000000c7e00000, 0x00000000c7e00000| Untracked 
|  51|0x00000000c7f00000, 0x00000000c7f00000, 0x00000000c8000000|  0%| F|  |TAMS 0x00000000c7f00000, 0x00000000c7f00000| Untracked 
|  52|0x00000000c8000000, 0x00000000c8000000, 0x00000000c8100000|  0%| F|  |TAMS 0x00000000c8000000, 0x00000000c8000000| Untracked 
|  53|0x00000000c8100000, 0x00000000c8100000, 0x00000000c8200000|  0%| F|  |TAMS 0x00000000c8100000, 0x00000000c8100000| Untracked 
|  54|0x00000000c8200000, 0x00000000c8200000, 0x00000000c8300000|  0%| F|  |TAMS 0x00000000c8200000, 0x00000000c8200000| Untracked 
|  55|0x00000000c8300000, 0x00000000c8300000, 0x00000000c8400000|  0%| F|  |TAMS 0x00000000c8300000, 0x00000000c8300000| Untracked 
|  56|0x00000000c8400000, 0x00000000c8400000, 0x00000000c8500000|  0%| F|  |TAMS 0x00000000c8400000, 0x00000000c8400000| Untracked 
|  57|0x00000000c8500000, 0x00000000c8500000, 0x00000000c8600000|  0%| F|  |TAMS 0x00000000c8500000, 0x00000000c8500000| Untracked 
|  58|0x00000000c8600000, 0x00000000c8600000, 0x00000000c8700000|  0%| F|  |TAMS 0x00000000c8600000, 0x00000000c8600000| Untracked 
|  59|0x00000000c8700000, 0x00000000c87f7ec0, 0x00000000c8800000| 96%| E|  |TAMS 0x00000000c8700000, 0x00000000c8700000| Complete 

Card table byte_map: [0x000001dffaff0000,0x000001dffb1d0000] _byte_map_base: 0x000001dffa9ca000

Marking Bits (Prev, Next): (CMBitMap*) 0x000001dff17c74c0, (CMBitMap*) 0x000001dff17c7500
 Prev Bits: [0x000001dffb3b0000, 0x000001dffc280000)
 Next Bits: [0x000001dffc280000, 0x000001dffd150000)

Polling page: 0x000001dff1870000

Metaspace:

Usage:
  Non-class:      7.47 MB used.
      Class:    993.48 KB used.
       Both:      8.44 MB used.

Virtual space:
  Non-class space:        8.00 MB reserved,       7.56 MB ( 95%) committed,  1 nodes.
      Class space:        1.00 GB reserved,       1.06 MB ( <1%) committed,  1 nodes.
             Both:        1.01 GB reserved,       8.62 MB ( <1%) committed. 

Chunk freelists:
   Non-Class:  493.00 KB
       Class:  2.98 MB
        Both:  3.46 MB

MaxMetaspaceSize: unlimited
CompressedClassSpaceSize: 1.00 GB
Initial GC threshold: 21.00 MB
Current GC threshold: 21.00 MB
CDS: on
MetaspaceReclaimPolicy: balanced
 - commit_granule_bytes: 65536.
 - commit_granule_words: 8192.
 - virtual_space_node_default_size: 1048576.
 - enlarge_chunks_in_place: 1.
 - new_chunks_are_fully_committed: 0.
 - uncommit_free_chunks: 1.
 - use_allocation_guard: 0.
 - handle_deallocations: 1.


Internal statistics:

num_allocs_failed_limit: 0.
num_arena_births: 124.
num_arena_deaths: 0.
num_vsnodes_births: 2.
num_vsnodes_deaths: 0.
num_space_committed: 138.
num_space_uncommitted: 0.
num_chunks_returned_to_freelist: 0.
num_chunks_taken_from_freelist: 176.
num_chunk_merges: 0.
num_chunk_splits: 95.
num_chunks_enlarged: 30.
num_purges: 0.
num_inconsistent_stats: 0.

CodeHeap 'non-profiled nmethods': size=120000Kb used=290Kb max_used=290Kb free=119709Kb
 bounds [0x000001df87ad0000, 0x000001df87d40000, 0x000001df8f000000]
CodeHeap 'profiled nmethods': size=120000Kb used=1782Kb max_used=1782Kb free=118217Kb
 bounds [0x000001df805a0000, 0x000001df80810000, 0x000001df87ad0000]
CodeHeap 'non-nmethods': size=5760Kb used=1273Kb max_used=1288Kb free=4487Kb
 bounds [0x000001df80000000, 0x000001df80270000, 0x000001df805a0000]
 total_blobs=1687 nmethods=1105 adapters=495
 compilation: enabled
              stopped_count=0, restarted_count=0
 full_count=0

Compilation events (20 events):
Event: 1.164 Thread 0x000001dfff6dd7e0 1099       3       sun.font.TrueTypeFont::initAllNames (182 bytes)
Event: 1.165 Thread 0x000001dfff6dd7e0 nmethod 1099 0x000001df80758610 code [0x000001df807588e0, 0x000001df807594f8]
Event: 1.170 Thread 0x000001dfff6dd7e0 1101       3       java.lang.StringUTF16::hashCode (33 bytes)
Event: 1.170 Thread 0x000001dfff6dd7e0 nmethod 1101 0x000001df80759a90 code [0x000001df80759c20, 0x000001df80759dd8]
Event: 1.170 Thread 0x000001dfff6dd7e0 1102       3       java.lang.StringUTF16::toBytes (34 bytes)
Event: 1.171 Thread 0x000001dfff6dd7e0 nmethod 1102 0x000001df80759f10 code [0x000001df8075a0c0, 0x000001df8075a2e8]
Event: 1.172 Thread 0x000001dfff6dd7e0 1103       3       java.util.HashSet::toArray (16 bytes)
Event: 1.172 Thread 0x000001dfff6dd7e0 nmethod 1103 0x000001df8075a490 code [0x000001df8075a640, 0x000001df8075a858]
Event: 1.173 Thread 0x000001dfff6dd7e0 1104       3       java.util.HashMap::prepareArray (38 bytes)
Event: 1.173 Thread 0x000001dfff6dd7e0 nmethod 1104 0x000001df8075a910 code [0x000001df8075ab00, 0x000001df8075b118]
Event: 1.175 Thread 0x000001dfff6dd7e0 1105       3       java.lang.Character::isBmpCodePoint (13 bytes)
Event: 1.176 Thread 0x000001dfff6dd7e0 nmethod 1105 0x000001df8075b310 code [0x000001df8075b4a0, 0x000001df8075b5f8]
Event: 1.189 Thread 0x000001dfff6dd7e0 1107       3       java.lang.ref.Reference::enqueueFromPending (19 bytes)
Event: 1.189 Thread 0x000001dfff6dd7e0 nmethod 1107 0x000001df8075b690 code [0x000001df8075b840, 0x000001df8075ba68]
Event: 1.189 Thread 0x000001dfff6dd7e0 1108   !   3       java.lang.ref.ReferenceQueue::enqueue (119 bytes)
Event: 1.189 Thread 0x000001dfff6dd7e0 nmethod 1108 0x000001df8075bb10 code [0x000001df8075bd00, 0x000001df8075c3c8]
Event: 1.189 Thread 0x000001dfff6dd7e0 1111       3       java.lang.ref.ReferenceQueue::reallyPoll (65 bytes)
Event: 1.190 Thread 0x000001dfff6dd7e0 nmethod 1111 0x000001df8075c590 code [0x000001df8075c760, 0x000001df8075cc98]
Event: 1.190 Thread 0x000001dfff6dd7e0 1110   !   3       java.lang.ref.ReferenceQueue::remove (125 bytes)
Event: 1.190 Thread 0x000001dfff6dd7e0 nmethod 1110 0x000001df8075cd90 code [0x000001df8075cfa0, 0x000001df8075d738]

GC Heap History (2 events):
Event: 1.178 GC heap before
{Heap before GC invocations=0 (full 0):
 garbage-first heap   total 61440K, used 13312K [0x00000000c4c00000, 0x0000000100000000)
  region size 1024K, 13 young (13312K), 0 survivors (0K)
 Metaspace       used 8635K, committed 8832K, reserved 1056768K
  class space    used 993K, committed 1088K, reserved 1048576K
}
Event: 1.188 GC heap after
{Heap after GC invocations=1 (full 0):
 garbage-first heap   total 61440K, used 3044K [0x00000000c4c00000, 0x0000000100000000)
  region size 1024K, 2 young (2048K), 2 survivors (2048K)
 Metaspace       used 8635K, committed 8832K, reserved 1056768K
  class space    used 993K, committed 1088K, reserved 1048576K
}

Deoptimization events (20 events):
Event: 0.308 Thread 0x000001dff178d830 Uncommon trap: trap_request=0xffffff45 fr.pc=0x000001df87ade330 relative=0x00000000000007d0
Event: 0.308 Thread 0x000001dff178d830 Uncommon trap: reason=unstable_if action=reinterpret pc=0x000001df87ade330 method=java.util.HashMap.putVal(ILjava/lang/Object;Ljava/lang/Object;ZZ)Ljava/lang/Object; @ 236 c2
Event: 0.308 Thread 0x000001dff178d830 DEOPT PACKING pc=0x000001df87ade330 sp=0x000000a2155fdab0
Event: 0.308 Thread 0x000001dff178d830 DEOPT UNPACKING pc=0x000001df80055c23 sp=0x000000a2155fda58 mode 2
Event: 0.370 Thread 0x000001dff178d830 Uncommon trap: trap_request=0xffffff45 fr.pc=0x000001df87adf30c relative=0x000000000000018c
Event: 0.370 Thread 0x000001dff178d830 Uncommon trap: reason=unstable_if action=reinterpret pc=0x000001df87adf30c method=java.lang.String.equals(Ljava/lang/Object;)Z @ 33 c2
Event: 0.370 Thread 0x000001dff178d830 DEOPT PACKING pc=0x000001df87adf30c sp=0x000000a2155fef00
Event: 0.370 Thread 0x000001dff178d830 DEOPT UNPACKING pc=0x000001df80055c23 sp=0x000000a2155feea0 mode 2
Event: 0.555 Thread 0x000001dff178d830 DEOPT PACKING pc=0x000001df805b8d67 sp=0x000000a2155fc540
Event: 0.555 Thread 0x000001dff178d830 DEOPT UNPACKING pc=0x000001df80056763 sp=0x000000a2155fb960 mode 0
Event: 0.650 Thread 0x000001dff178d830 Uncommon trap: trap_request=0xffffff45 fr.pc=0x000001df87ada8ac relative=0x00000000000001ac
Event: 0.650 Thread 0x000001dff178d830 Uncommon trap: reason=unstable_if action=reinterpret pc=0x000001df87ada8ac method=java.lang.String.isLatin1()Z @ 10 c2
Event: 0.650 Thread 0x000001dff178d830 DEOPT PACKING pc=0x000001df87ada8ac sp=0x000000a2155fd1c0
Event: 0.650 Thread 0x000001dff178d830 DEOPT UNPACKING pc=0x000001df80055c23 sp=0x000000a2155fd0f0 mode 2
Event: 0.690 Thread 0x000001dff178d830 Uncommon trap: trap_request=0xffffff45 fr.pc=0x000001df87b095e4 relative=0x00000000000004a4
Event: 0.690 Thread 0x000001dff178d830 Uncommon trap: reason=unstable_if action=reinterpret pc=0x000001df87b095e4 method=java.lang.StringLatin1.toLowerCase(Ljava/lang/String;[BLjava/util/Locale;)Ljava/lang/String; @ 43 c2
Event: 0.690 Thread 0x000001dff178d830 DEOPT PACKING pc=0x000001df87b095e4 sp=0x000000a2155fdc90
Event: 0.690 Thread 0x000001dff178d830 DEOPT UNPACKING pc=0x000001df80055c23 sp=0x000000a2155fdc00 mode 2
Event: 0.747 Thread 0x000001dff178d830 DEOPT PACKING pc=0x000001df805b7ad1 sp=0x000000a2155fd870
Event: 0.747 Thread 0x000001dff178d830 DEOPT UNPACKING pc=0x000001df80056763 sp=0x000000a2155fcce8 mode 0

Classes unloaded (0 events):
No events

Classes redefined (0 events):
No events

Internal exceptions (20 events):
Event: 0.090 Thread 0x000001dff178d830 Exception <a 'sun/nio/fs/WindowsException'{0x00000000c86357d0}> (0x00000000c86357d0) 
thrown [t:\workspace\open\src\hotspot\share\prims\jni.cpp, line 516]
Event: 0.090 Thread 0x000001dff178d830 Exception <a 'sun/nio/fs/WindowsException'{0x00000000c86360e0}> (0x00000000c86360e0) 
thrown [t:\workspace\open\src\hotspot\share\prims\jni.cpp, line 516]
Event: 0.090 Thread 0x000001dff178d830 Exception <a 'sun/nio/fs/WindowsException'{0x00000000c86369f0}> (0x00000000c86369f0) 
thrown [t:\workspace\open\src\hotspot\share\prims\jni.cpp, line 516]
Event: 0.090 Thread 0x000001dff178d830 Exception <a 'sun/nio/fs/WindowsException'{0x00000000c86372e0}> (0x00000000c86372e0) 
thrown [t:\workspace\open\src\hotspot\share\prims\jni.cpp, line 516]
Event: 0.091 Thread 0x000001dff178d830 Exception <a 'sun/nio/fs/WindowsException'{0x00000000c8637bf0}> (0x00000000c8637bf0) 
thrown [t:\workspace\open\src\hotspot\share\prims\jni.cpp, line 516]
Event: 0.149 Thread 0x000001dff178d830 Exception <a 'java/lang/ClassNotFoundException'{0x00000000c86dae68}: sun/awt/resources/spi/awtProvider> (0x00000000c86dae68) 
thrown [t:\workspace\open\src\hotspot\share\classfile\systemDictionary.cpp, line 256]
Event: 0.177 Thread 0x000001dff178d830 Exception <a 'java/io/FileNotFoundException'{0x00000000c852e588}> (0x00000000c852e588) 
thrown [t:\workspace\open\src\hotspot\share\prims\jni.cpp, line 516]
Event: 0.185 Thread 0x000001dff178d830 Exception <a 'java/io/FileNotFoundException'{0x00000000c855b968}> (0x00000000c855b968) 
thrown [t:\workspace\open\src\hotspot\share\prims\jni.cpp, line 516]
Event: 0.253 Thread 0x000001dff178d830 Exception <a 'java/lang/NoSuchMethodError'{0x00000000c8598518}: 'java.lang.Object java.lang.invoke.DirectMethodHandle$Holder.invokeStaticInit(java.lang.Object)'> (0x00000000c8598518) 
thrown [t:\workspace\open\src\hotspot\share\interpreter\linkResolver.cpp, line 766]
Event: 0.311 Thread 0x000001dff178d830 Exception <a 'java/lang/NoSuchMethodError'{0x00000000c8427cf8}: 'void java.lang.invoke.DirectMethodHandle$Holder.invokeSpecial(java.lang.Object, java.lang.Object, java.lang.Object)'> (0x00000000c8427cf8) 
thrown [t:\workspace\open\src\hotspot\share\interpreter\linkResolver.cpp, line 766]
Event: 0.322 Thread 0x000001dff178d830 Exception <a 'java/lang/NoSuchMethodError'{0x00000000c8452178}: 'java.lang.Object java.lang.invoke.DirectMethodHandle$Holder.newInvokeSpecial(java.lang.Object, java.lang.Object, java.lang.Object, java.lang.Object, java.lang.Object)'> (0x00000000c8452178) 
thrown [t:\workspace\open\src\hotspot\share\interpreter\linkResolver.cpp, line 766]
Event: 0.323 Thread 0x000001dff178d830 Exception <a 'java/lang/NoSuchMethodError'{0x00000000c845db40}: 'java.lang.Object java.lang.invoke.DirectMethodHandle$Holder.invokeStatic(java.lang.Object, int, java.lang.Object, java.lang.Object, java.lang.Object, java.lang.Object)'> (0x00000000c845db40) 
thrown [t:\workspace\open\src\hotspot\share\interpreter\linkResolver.cpp, line 766]
Event: 0.327 Thread 0x000001dff178d830 Exception <a 'java/lang/NoSuchMethodError'{0x00000000c8483300}: 'java.lang.Object java.lang.invoke.DirectMethodHandle$Holder.invokeStatic(java.lang.Object, int, java.lang.Object)'> (0x00000000c8483300) 
thrown [t:\workspace\open\src\hotspot\share\interpreter\linkResolver.cpp, line 766]
Event: 0.353 Thread 0x000001dff178d830 Exception <a 'java/lang/ClassNotFoundException'{0x00000000c833b568}: com/sun/swing/internal/plaf/metal/resources/spi/metalProvider> (0x00000000c833b568) 
thrown [t:\workspace\open\src\hotspot\share\classfile\systemDictionary.cpp, line 256]
Event: 0.354 Thread 0x000001dff178d830 Exception <a 'java/lang/ClassNotFoundException'{0x00000000c833f370}: com/sun/swing/internal/plaf/basic/resources/spi/basicProvider> (0x00000000c833f370) 
thrown [t:\workspace\open\src\hotspot\share\classfile\systemDictionary.cpp, line 256]
Event: 0.444 Thread 0x000001dff178d830 Exception <a 'java/lang/NoSuchMethodError'{0x00000000c83efd00}: 'void java.lang.invoke.DirectMethodHandle$Holder.invokeStatic(java.lang.Object, java.lang.Object, java.lang.Object)'> (0x00000000c83efd00) 
thrown [t:\workspace\open\src\hotspot\share\interpreter\linkResolver.cpp, line 766]
Event: 0.460 Thread 0x000001dff178d830 Exception <a 'java/lang/NoSuchMethodError'{0x00000000c821a920}: 'void java.lang.invoke.DirectMethodHandle$Holder.invokeStatic(java.lang.Object, java.lang.Object, java.lang.Object, java.lang.Object)'> (0x00000000c821a920) 
thrown [t:\workspace\open\src\hotspot\share\interpreter\linkResolver.cpp, line 766]
Event: 0.476 Thread 0x000001df8fca4400 Exception <a 'java/lang/NoSuchMethodError'{0x00000000c8251fb0}: 'java.lang.Object java.lang.invoke.DirectMethodHandle$Holder.newInvokeSpecial(java.lang.Object, java.lang.Object, java.lang.Object, int, int, int, int, int)'> (0x00000000c8251fb0) 
thrown [t:\workspace\open\src\hotspot\share\interpreter\linkResolver.cpp, line 766]
Event: 0.496 Thread 0x000001df8fbc2060 Exception <a 'java/lang/NoSuchMethodError'{0x00000000c85d7bc8}: 'void java.lang.invoke.DirectMethodHandle$Holder.invokeVirtual(java.lang.Object, java.lang.Object)'> (0x00000000c85d7bc8) 
thrown [t:\workspace\open\src\hotspot\share\interpreter\linkResolver.cpp, line 766]
Event: 0.517 Thread 0x000001dff178d830 Exception <a 'java/lang/NoSuchMethodError'{0x00000000c8295368}: 'void java.lang.invoke.DirectMethodHandle$Holder.invokeStaticInit(java.lang.Object)'> (0x00000000c8295368) 
thrown [t:\workspace\open\src\hotspot\share\interpreter\linkResolver.cpp, line 766]

VM Operations (8 events):
Event: 0.092 Executing VM operation: HandshakeAllThreads
Event: 0.092 Executing VM operation: HandshakeAllThreads done
Event: 0.374 Executing VM operation: HandshakeAllThreads
Event: 0.374 Executing VM operation: HandshakeAllThreads done
Event: 0.550 Executing VM operation: HandshakeAllThreads
Event: 0.550 Executing VM operation: HandshakeAllThreads done
Event: 1.178 Executing VM operation: G1CollectForAllocation
Event: 1.188 Executing VM operation: G1CollectForAllocation done

Events (20 events):
Event: 0.622 loading class java/nio/ByteBufferAsCharBufferB
Event: 0.622 loading class java/nio/ByteBufferAsCharBufferB done
Event: 0.625 loading class sun/font/FontDesignMetrics$KeyReference
Event: 0.625 loading class sun/font/FontDesignMetrics$KeyReference done
Event: 0.625 loading class javax/swing/plaf/basic/BasicGraphicsUtils
Event: 0.625 loading class javax/swing/plaf/basic/BasicGraphicsUtils done
Event: 0.626 loading class sun/font/CompositeGlyphMapper
Event: 0.626 loading class sun/font/CompositeGlyphMapper done
Event: 0.636 loading class sun/font/SunFontManager$FamilyDescription
Event: 0.636 loading class sun/font/SunFontManager$FamilyDescription done
Event: 0.671 loading class jdk/internal/misc/ScopedMemoryAccess$Scope
Event: 0.671 loading class jdk/internal/misc/ScopedMemoryAccess$Scope done
Event: 0.691 loading class sun/font/SunFontManager$4
Event: 0.691 loading class sun/font/SunFontManager$4 done
Event: 0.730 loading class sun/font/SunFontManager$9
Event: 0.730 loading class sun/font/SunFontManager$9 done
Event: 0.732 loading class sun/font/SunFontManager$10
Event: 0.732 loading class sun/font/SunFontManager$10 done
Event: 1.035 loading class jdk/internal/access/foreign/MemorySegmentProxy
Event: 1.035 loading class jdk/internal/access/foreign/MemorySegmentProxy done


Dynamic libraries:
0x00007ff7de310000 - 0x00007ff7de320000 	C:\Program Files\Java\jdk-17.0.3.1\bin\java.exe
0x00007ffac13e0000 - 0x00007ffac15e9000 	C:\WINDOWS\SYSTEM32\ntdll.dll
0x00007ffac0600000 - 0x00007ffac06bd000 	C:\WINDOWS\System32\KERNEL32.DLL
0x00007ffabeb80000 - 0x00007ffabeefc000 	C:\WINDOWS\System32\KERNELBASE.dll
0x00007ffabf030000 - 0x00007ffabf141000 	C:\WINDOWS\System32\ucrtbase.dll
0x00007ffabb270000 - 0x00007ffabb28a000 	C:\Program Files\Java\jdk-17.0.3.1\bin\VCRUNTIME140.dll
0x00007ffabb5c0000 - 0x00007ffabb5d8000 	C:\Program Files\Java\jdk-17.0.3.1\bin\jli.dll
0x00007ffabf380000 - 0x00007ffabf42e000 	C:\WINDOWS\System32\ADVAPI32.dll
0x00007ffac04e0000 - 0x00007ffac0583000 	C:\WINDOWS\System32\msvcrt.dll
0x00007ffabf2e0000 - 0x00007ffabf37e000 	C:\WINDOWS\System32\sechost.dll
0x00007ffac0200000 - 0x00007ffac0320000 	C:\WINDOWS\System32\RPCRT4.dll
0x00007ffac1100000 - 0x00007ffac12ad000 	C:\WINDOWS\System32\USER32.dll
0x00007ffabeb50000 - 0x00007ffabeb76000 	C:\WINDOWS\System32\win32u.dll
0x00007ffaa9140000 - 0x00007ffaa93e5000 	C:\WINDOWS\WinSxS\amd64_microsoft.windows.common-controls_6595b64144ccf1df_6.0.22000.120_none_9d947278b86cc467\COMCTL32.dll
0x00007ffac0ad0000 - 0x00007ffac0af9000 	C:\WINDOWS\System32\GDI32.dll
0x00007ffabea30000 - 0x00007ffabeb49000 	C:\WINDOWS\System32\gdi32full.dll
0x00007ffabf150000 - 0x00007ffabf1ed000 	C:\WINDOWS\System32\msvcp_win.dll
0x00007ffab1c30000 - 0x00007ffab1c3a000 	C:\WINDOWS\SYSTEM32\VERSION.dll
0x00007ffac0c90000 - 0x00007ffac0cc1000 	C:\WINDOWS\System32\IMM32.DLL
0x00007ffabb180000 - 0x00007ffabb18c000 	C:\Program Files\Java\jdk-17.0.3.1\bin\vcruntime140_1.dll
0x00007ffaaacb0000 - 0x00007ffaaad3d000 	C:\Program Files\Java\jdk-17.0.3.1\bin\msvcp140.dll
0x00007ffa65100000 - 0x00007ffa65cc0000 	C:\Program Files\Java\jdk-17.0.3.1\bin\server\jvm.dll
0x00007ffac12b0000 - 0x00007ffac12b8000 	C:\WINDOWS\System32\PSAPI.DLL
0x00007ffabb530000 - 0x00007ffabb539000 	C:\WINDOWS\SYSTEM32\WSOCK32.dll
0x00007ffabf270000 - 0x00007ffabf2df000 	C:\WINDOWS\System32\WS2_32.dll
0x00007ffab29e0000 - 0x00007ffab2a13000 	C:\WINDOWS\SYSTEM32\WINMM.dll
0x00007ffabdaa0000 - 0x00007ffabdab8000 	C:\WINDOWS\SYSTEM32\kernel.appcore.dll
0x00007ffabb0b0000 - 0x00007ffabb0ba000 	C:\Program Files\Java\jdk-17.0.3.1\bin\jimage.dll
0x00007ffabc400000 - 0x00007ffabc621000 	C:\WINDOWS\SYSTEM32\DBGHELP.DLL
0x00007ffaa1300000 - 0x00007ffaa1331000 	C:\WINDOWS\SYSTEM32\dbgcore.DLL
0x00007ffabf1f0000 - 0x00007ffabf26f000 	C:\WINDOWS\System32\bcryptPrimitives.dll
0x00007ffab9d50000 - 0x00007ffab9d75000 	C:\Program Files\Java\jdk-17.0.3.1\bin\java.dll
0x00007ffaa8d70000 - 0x00007ffaa8e46000 	C:\Program Files\Java\jdk-17.0.3.1\bin\jsvml.dll
0x00007ffabf5c0000 - 0x00007ffabfd78000 	C:\WINDOWS\System32\SHELL32.dll
0x00007ffabca20000 - 0x00007ffabd288000 	C:\WINDOWS\SYSTEM32\windows.storage.dll
0x00007ffac0750000 - 0x00007ffac0ac9000 	C:\WINDOWS\System32\combase.dll
0x00007ffabc8b0000 - 0x00007ffabca16000 	C:\WINDOWS\SYSTEM32\wintypes.dll
0x00007ffac0ba0000 - 0x00007ffac0c8a000 	C:\WINDOWS\System32\SHCORE.dll
0x00007ffac1340000 - 0x00007ffac139d000 	C:\WINDOWS\System32\shlwapi.dll
0x00007ffabe7f0000 - 0x00007ffabe811000 	C:\WINDOWS\SYSTEM32\profapi.dll
0x00007ffab9770000 - 0x00007ffab9789000 	C:\Program Files\Java\jdk-17.0.3.1\bin\net.dll
0x00007ffab4760000 - 0x00007ffab486c000 	C:\WINDOWS\SYSTEM32\WINHTTP.dll
0x00007ffabded0000 - 0x00007ffabdf37000 	C:\WINDOWS\system32\mswsock.dll
0x00007ffab5ff0000 - 0x00007ffab6006000 	C:\Program Files\Java\jdk-17.0.3.1\bin\nio.dll
0x00007ffa998a0000 - 0x00007ffa99a2f000 	C:\Program Files\Java\jdk-17.0.3.1\bin\awt.dll
0x00007ffac1020000 - 0x00007ffac10f6000 	C:\WINDOWS\System32\OLEAUT32.dll
0x00007ffab9360000 - 0x00007ffab93f1000 	C:\WINDOWS\SYSTEM32\apphelp.dll
0x00007ffabbc60000 - 0x00007ffabbc8f000 	C:\WINDOWS\system32\DWMAPI.DLL
0x00007ffabba00000 - 0x00007ffabbaac000 	C:\WINDOWS\system32\uxtheme.dll
0x00007ffaa80e0000 - 0x00007ffaa81e1000 	C:\WINDOWS\system32\opengl32.dll
0x00007ffaaec00000 - 0x00007ffaaec2d000 	C:\WINDOWS\SYSTEM32\GLU32.dll
0x00007ffabbb10000 - 0x00007ffabbb48000 	C:\WINDOWS\SYSTEM32\dxcore.dll
0x00007ffabf430000 - 0x00007ffabf54e000 	C:\WINDOWS\System32\MSCTF.dll
0x00007ffac0cd0000 - 0x00007ffac0e6a000 	C:\WINDOWS\System32\ole32.dll
0x00007ffaafa40000 - 0x00007ffaafa58000 	C:\Program Files\Java\jdk-17.0.3.1\bin\zip.dll
0x00007ffaa9d50000 - 0x00007ffaa9dd9000 	C:\Program Files\Java\jdk-17.0.3.1\bin\freetype.dll
0x00007ffaa8b40000 - 0x00007ffaa8be8000 	C:\Program Files\Java\jdk-17.0.3.1\bin\fontmanager.dll
0x00007ffac0e70000 - 0x00007ffac0f1f000 	C:\WINDOWS\System32\clbcatq.dll
0x00007ffab6090000 - 0x00007ffab623e000 	C:\WINDOWS\SYSTEM32\WindowsCodecs.dll
0x00007ffaa4300000 - 0x00007ffaa435d000 	C:\WINDOWS\system32\dataexchange.dll
0x00007ffab5bb0000 - 0x00007ffab5e16000 	C:\WINDOWS\system32\twinapi.appcore.dll

dbghelp: loaded successfully - version: 4.0.5 - missing functions: none
symbol engine: initialized successfully - sym options: 0x614 - pdb path: .;C:\Program Files\Java\jdk-17.0.3.1\bin;C:\WINDOWS\SYSTEM32;C:\WINDOWS\WinSxS\amd64_microsoft.windows.common-controls_6595b64144ccf1df_6.0.22000.120_none_9d947278b86cc467;C:\Program Files\Java\jdk-17.0.3.1\bin\server

VM Arguments:
jvm_args: -Dfile.encoding=UTF-8 --module-path=E:\damau\asm\ASM_DaMau\build\classes 
java_command: poly.com.ui.ManagerLearner
java_class_path (initial): E:\damau\asm\ASM_DaMau\build\classes
Launcher Type: SUN_STANDARD

[Global flags]
     intx CICompilerCount                          = 3                                         {product} {ergonomic}
     uint ConcGCThreads                            = 1                                         {product} {ergonomic}
     uint G1ConcRefinementThreads                  = 4                                         {product} {ergonomic}
   size_t G1HeapRegionSize                         = 1048576                                   {product} {ergonomic}
    uintx GCDrainStackTargetSize                   = 64                                        {product} {ergonomic}
   size_t InitialHeapSize                          = 62914560                                  {product} {ergonomic}
   size_t MarkStackSize                            = 4194304                                   {product} {ergonomic}
   size_t MaxHeapSize                              = 994050048                                 {product} {ergonomic}
   size_t MaxNewSize                               = 595591168                                 {product} {ergonomic}
   size_t MinHeapDeltaBytes                        = 1048576                                   {product} {ergonomic}
   size_t MinHeapSize                              = 8388608                                   {product} {ergonomic}
    uintx NonNMethodCodeHeapSize                   = 5832780                                {pd product} {ergonomic}
    uintx NonProfiledCodeHeapSize                  = 122912730                              {pd product} {ergonomic}
    uintx ProfiledCodeHeapSize                     = 122912730                              {pd product} {ergonomic}
    uintx ReservedCodeCacheSize                    = 251658240                              {pd product} {ergonomic}
     bool SegmentedCodeCache                       = true                                      {product} {ergonomic}
   size_t SoftMaxHeapSize                          = 994050048                              {manageable} {ergonomic}
     bool UseCompressedClassPointers               = true                           {product lp64_product} {ergonomic}
     bool UseCompressedOops                        = true                           {product lp64_product} {ergonomic}
     bool UseG1GC                                  = true                                      {product} {ergonomic}
     bool UseLargePagesIndividualAllocation        = false                                  {pd product} {ergonomic}

Logging:
Log output configuration:
 #0: stdout all=warning uptime,level,tags
 #1: stderr all=off uptime,level,tags

Environment Variables:
PATH=C:\Program Files\Common Files\Oracle\Java\javapath;C:\Program Files (x86)\Common Files\Oracle\Java\javapath;C:\ProgramData\Oracle\Java\javapath;C:\WINDOWS\system32;C:\WINDOWS;C:\WINDOWS\System32\Wbem;C:\WINDOWS\System32\WindowsPowerShell\v1.0\;C:\WINDOWS\System32\OpenSSH\;%JAVA_HOME\bin;C:\Program Files\Microsoft SQL Server\Client SDK\ODBC\170\Tools\Binn\;C:\Program Files (x86)\Microsoft SQL Server\150\Tools\Binn\;C:\Program Files\Microsoft SQL Server\150\Tools\Binn\;C:\Program Files\Microsoft SQL Server\150\DTS\Binn\;C:\Program Files (x86)\Microsoft SQL Server\150\DTS\Binn\;C:\Program Files\Azure Data Studio\bin;C:\Program Files\Java\jdk-17.0.3.1\bin;C:\Program Files\Java\jdk-18.0.1\bin;C:\Program Files\Java\jdk-11.0.16.1+1\bin;C:\Program Files\MySQL\MySQL Shell 8.0\bin\;C:\Users\Duy Cuong\AppData\Local\Programs\Microsoft VS Code\bin;C:\Users\Duy Cuong\AppData\Local\Microsoft\WindowsApps;;C:\Program Files\Azure Data Studio\bin
USERNAME=Duy Cuong
OS=Windows_NT
PROCESSOR_IDENTIFIER=Intel64 Family 6 Model 140 Stepping 1, GenuineIntel



---------------  S Y S T E M  ---------------

OS:
 Windows 11 , 64 bit Build 22000 (10.0.22000.708)
OS uptime: 4 days 14:37 hours

CPU: total 4 (initial active 4) (2 cores per cpu, 2 threads per core) family 6 model 140 stepping 1 microcode 0x86, cx8, cmov, fxsr, ht, mmx, 3dnowpref, sse, sse2, sse3, ssse3, sse4.1, sse4.2, popcnt, lzcnt, tsc, tscinvbit, avx, avx2, aes, erms, clmul, bmi1, bmi2, adx, avx512f, avx512dq, avx512cd, avx512bw, avx512vl, sha, fma, vzeroupper, avx512_vpopcntdq, avx512_vpclmulqdq, avx512_vaes, avx512_vnni, clflush, clflushopt, clwb, avx512_vbmi2, avx512_vbmi

Memory: 4k page, system-wide physical 3790M (186M free)
TotalPageFile size 12552M (AvailPageFile size 0M)
current process WorkingSet (physical memory assigned to process): 75M, peak: 75M
current process commit charge ("private bytes"): 153M, peak: 153M

vm_info: Java HotSpot(TM) 64-Bit Server VM (17.0.3.1+2-LTS-6) for windows-amd64 JRE (17.0.3.1+2-LTS-6), built on Apr 25 2022 22:04:21 by "mach5one" with MS VC++ 16.8 / 16.9 (VS2019)

END.
